<?xml version="1.0" encoding="UTF-8"?>
<!-- Generated by org.testng.reporters.JUnitReportReporter -->
<testsuite hostname="ak1" failures="0" tests="2" name="Intervue.io_Assignment.test_intervue.io.LoginTest" time="36.096" errors="0" timestamp="2025-04-11T12:05:55 IST" skipped="0">
  <testcase classname="Intervue.io_Assignment.test_intervue.io.LoginTest" name="testLoginAndLogout" time="18.092"/>
  <system-out/>
  <testcase classname="Intervue.io_Assignment.test_intervue.io.LoginTest" name="testLoginAndLogout" time="18.004"/>
  <system-out/>
</testsuite> <!-- Intervue.io_Assignment.test_intervue.io.LoginTest -->
